MegaDot v4.5.1.m.11.mono.custom_build - https://godotengine.org
D3D12 12_0 - Forward+ - Using Device #0: NVIDIA - NVIDIA GeForce RTX 3060 Laptop GPU
WARNING: PSO caching is not implemented yet in the Direct3D 12 driver.
   at: pipeline_cache_create (drivers/d3d12/rendering_device_driver_d3d12.cpp:4469)

FMOD Sound System: Successfully initialized
[INFO] Found release_info.json at: E:\SteamLibrary\steamapps\common\Slay the Spire 2\release_info.json
[INFO] [Sentry.NET] Initialized: env=development, release=v0.105.1
[INFO] Steamworks: attempting initialization...
[INFO] Steam is running: True
[INFO] Steamworks initialization succeeded!
[INFO] Steam is enabled, we will write saves to steam storage. Enabled for account: True, app: False 
[INFO] Registered 11 migrations
[INFO] Current save versions: PrefsSave v2; ProfileSave v2; SerializableProgress v21; RunHistory v9; SerializableRun v16; SettingsSave v5
[INFO] Found mod manifest file E:\SteamLibrary\steamapps\common\Slay the Spire 2\mods\STS2-RitsuLib\mod_manifest.json
[INFO] Found mod manifest file E:\SteamLibrary\steamapps\common\Slay the Spire 2\mods\sts2_starborn\sts2_starborn.json
[INFO] Loading assembly DLL E:\SteamLibrary\steamapps\common\Slay the Spire 2\mods\STS2-RitsuLib\STS2-RitsuLib.dll
[INFO] Calling initializer method of type STS2RitsuLib.Loader.Bootstrap for STS2-RitsuLib.Loader, Version=1.0.0.0, Culture=neutral, PublicKeyToken=null
[INFO] [RitsuLib.Loader] Host version label=v0.105.1 numeric=0.105.1; picked variant 0.105.1.
[INFO] [com.ritsukage.sts2-RitsuLib] Framework ID: com.ritsukage.sts2-RitsuLib
[INFO] [com.ritsukage.sts2-RitsuLib] Framework Name: RitsuLib
[INFO] [com.ritsukage.sts2-RitsuLib] Version: 0.2.31
[INFO] [com.ritsukage.sts2-RitsuLib] Initializing shared framework...
[INFO] [com.ritsukage.sts2-RitsuLib] [Config] Debug compatibility master is disabled. Sub-flags (only when master on): LocTable=True, UnlockEpoch=True, AncientArchitect=True. Mod Steam cloud mirror: disabled. Config file: user://steam/76561198082402258/mod_data/com.ritsukage.sts2-RitsuLib/settings.json
[INFO] [com.ritsukage.sts2-RitsuLib] [RitsuLib-ModSettings] Merged from embedded: STS2RitsuLib.Settings.Localization.ModSettingsUi.zhs.json (391 entries, 391 new)
[INFO] [com.ritsukage.sts2-RitsuLib] [RitsuLib-ModSettings] Total: 391 entries from 1 source(s)
[INFO] [com.ritsukage.sts2-RitsuLib] [RitsuLib-ModSettings] Successfully reloaded translations for language 'zhs' (391 entries)
[INFO] [com.ritsukage.sts2-RitsuLib] [Godot] RitsuGodot node factories initialized.
[INFO] [com.ritsukage.sts2-RitsuLib] [Patcher - framework core] Applying 166 patches...
[INFO] [com.ritsukage.sts2-RitsuLib] [Patcher - framework core] Patch application complete: 166 applied, 0 ignored, 0 failed, 166 total
[INFO] [com.ritsukage.sts2-RitsuLib] [Patcher - framework core] All patches applied successfully
[INFO] [com.ritsukage.sts2-RitsuLib] [Patcher - settings ui] Applying 4 patches...
[INFO] [com.ritsukage.sts2-RitsuLib] [Patcher - settings ui] Patch application complete: 4 applied, 0 ignored, 0 failed, 4 total
[INFO] [com.ritsukage.sts2-RitsuLib] [Patcher - settings ui] All patches applied successfully
[INFO] [com.ritsukage.sts2-RitsuLib] [Patcher - content assets] Applying 93 patches...
[INFO] [com.ritsukage.sts2-RitsuLib] [Patcher - content assets] Patch application complete: 93 applied, 0 ignored, 0 failed, 93 total
[INFO] [com.ritsukage.sts2-RitsuLib] [Patcher - content assets] All patches applied successfully
[INFO] [com.ritsukage.sts2-RitsuLib] [Patcher - character assets] Applying 44 patches...
[INFO] [com.ritsukage.sts2-RitsuLib] [Patcher - character assets] Patch application complete: 43 applied, 1 ignored, 0 failed, 44 total
[INFO] [com.ritsukage.sts2-RitsuLib] [Patcher - character assets] All required patches applied; 1 optional patch target(s) were ignored
[INFO] [com.ritsukage.sts2-RitsuLib] [Patcher - content registry] Applying 21 patches...
[INFO] [com.ritsukage.sts2-RitsuLib] [Patcher - content registry] Patch application complete: 21 applied, 0 ignored, 0 failed, 21 total
[INFO] [com.ritsukage.sts2-RitsuLib] [Patcher - content registry] All patches applied successfully
[INFO] [com.ritsukage.sts2-RitsuLib] [Patcher - persistence] Applying 3 patches...
[INFO] [com.ritsukage.sts2-RitsuLib] [Patcher - persistence] Patch application complete: 3 applied, 0 ignored, 0 failed, 3 total
[INFO] [com.ritsukage.sts2-RitsuLib] [Patcher - persistence] All patches applied successfully
[INFO] [com.ritsukage.sts2-RitsuLib] [Patcher - unlocks] Applying 21 patches...
[INFO] [com.ritsukage.sts2-RitsuLib] [Patcher - unlocks] Patch application complete: 21 applied, 0 ignored, 0 failed, 21 total
[INFO] [com.ritsukage.sts2-RitsuLib] [Patcher - unlocks] All patches applied successfully
[INFO] [com.ritsukage.sts2-RitsuLib] Shared framework initialization complete.
[INFO] Finished mod initialization for 'RitsuLib' (STS2-RitsuLib).
[INFO] Loading assembly DLL E:\SteamLibrary\steamapps\common\Slay the Spire 2\mods\sts2_starborn\STS2_Starborn.dll
[INFO] Loading Godot PCK E:\SteamLibrary\steamapps\common\Slay the Spire 2\mods\sts2_starborn\STS2_Starborn.pck
[INFO] Calling initializer method of type STS2_Starborn.Entry for sts2_starborn, Version=1.0.0.0, Culture=neutral, PublicKeyToken=null
[INFO] Finished mod initialization for 'STS2_Starborn' (STS2_Starborn).
[INFO]  --- RUNNING MODDED! --- Loaded 2 mods (2 total)
[INFO] Syncing cloud save files to the local save directory
[WARN] Asset not cached: res://scenes/cards/card.tscn
[WARN] Asset not cached: res://scenes/cards/holders/grid_card_holder.tscn
[INFO] AtlasManager: Loaded ui_atlas with 102 sprites
[INFO] AtlasManager: Loaded compressed with 45 sprites
[INFO] [sts2_starborn] [Content] Registered card: SwitchPrimaryMarkCard -> StarbornCardPool
[INFO] [sts2_starborn] [Content] Registered card: TestAncientCard -> StarbornCardPool
[INFO] [sts2_starborn] [Content] Registered card: TestCard -> StarbornCardPool
[INFO] [sts2_starborn] [Content] Registered character: Starborn
[INFO] [sts2_starborn] [Content] Registered power: PrimaryMarkPower
[INFO] [sts2_starborn] [Content] Registered power: SecondaryMarkPower
[INFO] [sts2_starborn] [Content] Registered relic: StarbornMarkRelic -> StarbornRelicPool
[INFO] [sts2_starborn] [Content] Registered relic: TestRelic -> SharedRelicPool
[INFO] [sts2_starborn] [Content] Registered starter relic: StarbornMarkRelic x1 -> Starborn
[INFO] [com.ritsukage.sts2-RitsuLib] [AutoRegister] Processed assembly 'sts2_starborn': 9 operation(s), 9 succeeded, 0 failed.
[INFO] [com.ritsukage.sts2-RitsuLib] [SavedProperties] Injected 2 mod model type(s); property net IDs: 45 -> 45, bit size 6.
[INFO] Loading locale path=res://localization/eng
[INFO] Loading locale path=res://localization/zhs
[INFO] Found loc table from mod: zhs ancients.json. Merging with base loc table
[INFO] Found loc table from mod: zhs cards.json. Merging with base loc table
[INFO] Found loc table from mod: zhs characters.json. Merging with base loc table
[INFO] Found loc table from mod: zhs powers.json. Merging with base loc table
[INFO] Found loc table from mod: zhs relics.json. Merging with base loc table
[INFO] [sts2_starborn] [Content] Content registration is now frozen (Init).
[INFO] [sts2_starborn] [Keywords] Keyword registration is now frozen (Init).
[INFO] [sts2_starborn] [CardTags] Card tag registration is now frozen (Init).
[INFO] [com.ritsukage.sts2-RitsuLib] [Patcher - content registry] Applying 20 dynamic patch(es)...
[INFO] [com.ritsukage.sts2-RitsuLib] [Patcher - content registry] Dynamic patch application complete: 20/20 succeeded
[INFO] [com.ritsukage.sts2-RitsuLib] [Content] Dynamic act content patching initialized for 5 act type(s).
[INFO] [com.ritsukage.sts2-RitsuLib] [Patcher - content registry] Applying 17 dynamic patch(es)...
[INFO] [com.ritsukage.sts2-RitsuLib] [Patcher - content registry] Dynamic patch application complete: 17/17 succeeded
[INFO] [com.ritsukage.sts2-RitsuLib] [Content] Dynamic character starter patching initialized for 9 character type(s).
[INFO] ModelIdSerializationCache initialized. Categories: 20 Entries: 1631 Epochs: 57 Hash: 1470815883
[Sentry.GDExtension] Initialized: env=playtesters, release=v0.105.1
[INFO] Profile-scoped data path initialized: user://steam/76561198082402258/modded/profile2
[INFO] [com.ritsukage.sts2-RitsuLib] [Persistence] ProfileManager initialized with profile ID: 2
[INFO] [Sentry.NET] Full console is on
[INFO] [Sentry.NET] Shutting down because event reporting is disabled.
[INFO] [Sentry.NET] Shutting down
[Sentry.GDExtension] Shutting down
[INFO] AtlasManager: Loaded controller_atlas with 112 sprites
[INFO] MuteInBackground: environment [displayServer=Windows, os=Windows]
[INFO] MuteInBackground: FocusOut received [tween=False, windowFocused=False]
[INFO] Limiting background FPS to 30
[INFO] Applying display settings...
  FULLSCREEN: True
  ASPECT_RATIO: (SixteenByNine)
  TARGET_DISPLAY: (1)
  WINDOW_SIZE: (1920, 1080)
  POSITION: (-1, -1)
[INFO] [Display] Min size: (64, 64) Max size: (16384, 16384)
[INFO] Window changed! New size: (1920, 1055)
[INFO] [Display] Setting FULLSCREEN on Display: 2 of 2
[INFO] MuteInBackground: FocusIn received [tween=True, msSinceFocusOut=219, windowFocused=True]
[INFO] MuteInBackground: Unmuted, restored volume to 0.5
[INFO] Restored foreground FPS
[INFO] Window changed! New size: (1936, 1102)
[INFO] Window changed! New size: (1920, 1080)
[INFO] VSync: Adaptive
[INFO] SteamStatsManager: User stats received
[INFO] SteamStatsManager: Global stats received (found=True), architect damage = 210422238560
[INFO] Wrote 2539 bytes to path=user://steam/76561198082402258/settings.save save_dir=user://steam/76561198082402258
[INFO] Wrote 2539 bytes to settings.save in steam remote store
[INFO] === Godot OS Debug Information ===
Timestamp: 05/16/2026 13:46:14
OS: Windows
OS Version: 10.0.26200
Distribution Name: Windows
Device Model: Nitro AN515-58
Is Debug Build: False
Is Sandboxed: False
Executable Path: E:/SteamLibrary/steamapps/common/Slay the Spire 2/SlayTheSpire2.exe
Data Directory: C:/Users/Admin/AppData/Roaming
User Data Directory: C:/Users/Admin/AppData/Roaming/SlayTheSpire2
Command Line Args: 
User Command Line Args: 
OS Locale: zh_CN
OS Language: zh
Game Locale: zh_CN
Is UserFS Persistent: True
Is Stdout Verbose: False
Is Low Processor Usage Mode: False
Architecture: x86_64
Engine Version: 4.5.1-m.11 (custom_build)
Is Editor: False
Release Version: v0.105.1
Release Commit: d5e30a22
Release Date: 05/09/2026 02:47:15
Processor Count: 16
Processor Name: 12th Gen Intel(R) Core(TM) i5-12500H
Main assembly hash: 1363691567
Rendering device name: NVIDIA GeForce RTX 3060 Laptop GPU
  Graphics adapter 0: NVIDIA GeForce RTX 3060 Laptop GPU
  version: 32.0.15.0
  Graphics adapter 1: Intel(R) Iris(R) Xe Graphics
  version: 31.0.101.0
  Graphics adapter 2: Microsoft Basic Render Driver
  version: 10.0.26100.0
Screen info (primary 1):
  Index 0: Size: (1920, 1080) Orientation: Landscape Scale: 1 DPI: 120 Refresh Rate: 60.00362
  Index 1: Size: (1920, 1080) Orientation: Landscape Scale: 1 DPI: 120 Refresh Rate: 60.00362
Video Memory Used: 0.0B
Memory Info:
  physical: 15.7GB
  free: 2.6GB
  available: 31.2GB
  stack: 8.0MB
  Static Memory Usage: 0.0B
  Static Memory Peak Usage: 0.0B
Disk Info:
  Index 0: Name: C:\ Type: Fixed Format: NTFS Available: 13.3GB Total Free: 13.3GB Total Size: 150.0GB
  Index 1: Name: D:\ Type: Fixed Format: NTFS Available: 47.7GB Total Free: 47.7GB Total Size: 325.7GB
  Index 2: Name: E:\ Type: Fixed Format: NTFS Available: 126.5GB Total Free: 126.5GB Total Size: 0.9TB
Important Environment Variables:
  PATH: C:\Program Files (x86)\Common Files\Intel\Shared Libraries\redist\intel64\compiler;C:\Program Files\Common Files\Oracle\Java\javapath;C:\Windows\system32;C:\Windows;C:\Windows\System32\Wbem;C:\Windows\System32\WindowsPowerShell\v1.0\;C:\Windows\System32\OpenSSH\;C:\Program Files (x86)\NVIDIA Corporation\PhysX\Common;C:\Program Files\NVIDIA Corporation\NVIDIA NvDLISR;C:\WINDOWS\system32;C:\WINDOWS;C:\WINDOWS\System32\Wbem;C:\WINDOWS\System32\WindowsPowerShell\v1.0\;C:\WINDOWS\System32\OpenSSH\;E:\NetSarang\Xmanager 7\;E:\NetSarang\Xshell 7\;E:\NetSarang\Xftp 7\;E:\NetSarang\Xlpd 7\;C:\Program Files\dotnet\;E:\Tool\010 Editor;E:\develop\nodejs\;E:\develop\mysql-8.2.0-winx64\bin\;E:\Git\cmd;%USERPROFILE%\AppData\Local\Programs\Python\Python311\Scripts\;%USERPROFILE%\AppData\Local\Programs\Python\Python311\;%USERPROFILE%\AppData\Local\Microsoft\WindowsApps;%USERPROFILE%\AppData\Local\Programs\Microsoft VS Code\bin;E:\JetBrains\IntelliJ IDEA Community Edition 2022.2.4\bin;;C:\Program Files\mingw64\bin;%USERPROFILE%\AppData\Roaming\npm;E:\develop\apache-maven-3.8.8\bin;%USERPROFILE%\.dotnet\tools;D:\other\anaconda;D:\other\anaconda\Scripts;D:\other\anaconda\Library\bin;D:\other\anaconda\usr\bin;D:\other\anaconda\mingw-w64\bin;
  GODOT_ROOT_DIR: 
  HOME: 
  DYLD_LIBRARY_PATH: 
  LD_LIBRARY_PATH: 

[INFO] Preloading 'IntroLogo' assets... count=3 vfx=0
[INFO] Preloading 'IntroLogo' Complete: assets=3 time_elapsed=66ms
[INFO] Preloading 'MainMenuEssentials' assets... count=5 vfx=0
[INFO] Preloading 'MainMenuEssentials' Complete: assets=5 time_elapsed=188ms
[WARN] Asset not cached: res://debug_audio/SOTE_Logo_Echoing_ShortTail.mp3
[INFO] [com.ritsukage.sts2-RitsuLib] [RitsuLib-ModSettings] Subscribed to locale change notifications
[WARN] Asset not cached: res://themes/settings_screen_line_header.tres
[WARN] Asset not cached: res://images/ui/reward_screen/reward_skip_button.png
[WARN] Asset not cached: res://scenes/ui/selection_reticle.tscn
[INFO] [Startup] Time to main menu (Godot ticks): 12797ms
[WARN] Asset not cached: res://images/ui/top_panel/character_icon_ironclad.png
[INFO] [Startup] Time to main menu: 12,976ms
[INFO] [Startup] Resource stats (main menu loaded (essential)): StaticMem=0B, VRAM=465.6MB, Objects=8,712, Resources=679, Nodes=1,614, CachedAssets=14
[INFO] AtlasManager: Loaded epoch_atlas with 57 sprites
[INFO] AtlasManager: Loaded relic_atlas with 341 sprites
[INFO] AtlasManager: Loaded relic_outline_atlas with 341 sprites
[INFO] AtlasManager: Loaded power_atlas with 263 sprites
[INFO] AtlasManager: Loaded card_atlas with 875 sprites
[INFO] AtlasManager: Loaded potion_atlas with 63 sprites
[INFO] AtlasManager: Loaded potion_outline_atlas with 63 sprites
[INFO] AtlasManager: Loaded stats_screen_atlas with 16 sprites
[INFO] AtlasManager: Loaded intent_atlas with 310 sprites
[INFO] AtlasManager: Loaded era_atlas with 27 sprites
[WARN] [com.ritsukage.sts2-RitsuLib] [Assets] Missing resource path for SwitchPrimaryMarkCard<STS2_STARBORN_CARD_SWITCH_PRIMARY_MARK_CARD>.CustomPortraitPath: 'res://STS2_Starborn/cards/SwitchPrimaryMarkCard.png'. Falling back to the base asset.
[WARN] [com.ritsukage.sts2-RitsuLib] [Assets] Missing resource path for StarbornMarkRelic<STS2_STARBORN_RELIC_STARBORN_MARK_RELIC>.CustomIconPath: 'res://STS2_Starborn/images/relics/StarbornMarkRelic.png'. Falling back to the base asset.
[WARN] [com.ritsukage.sts2-RitsuLib] [Assets] Missing resource path for TestRelic<STS2_STARBORN_RELIC_TEST_RELIC>.CustomIconPath: 'res://STS2_Starborn/images/relics/TestRelic.png'. Falling back to the base asset.
[WARN] [com.ritsukage.sts2-RitsuLib] [Assets] Missing resource path for PrimaryMarkPower<STS2_STARBORN_POWER_PRIMARY_MARK_POWER>.CustomIconPath: 'res://STS2_Starborn/images/powers/PrimaryMarkPower_None.png'. Falling back to the base asset.
[WARN] [com.ritsukage.sts2-RitsuLib] [Assets] Missing resource path for PrimaryMarkPower<STS2_STARBORN_POWER_PRIMARY_MARK_POWER>.CustomBigIconPath: 'res://STS2_Starborn/images/powers/PrimaryMarkPower_None.png'. Falling back to the base asset.
[WARN] [com.ritsukage.sts2-RitsuLib] [Assets] Missing resource path for SecondaryMarkPower<STS2_STARBORN_POWER_SECONDARY_MARK_POWER>.CustomIconPath: 'res://STS2_Starborn/images/powers/SecondaryMarkPower_None.png'. Falling back to the base asset.
[WARN] [com.ritsukage.sts2-RitsuLib] [Assets] Missing resource path for SecondaryMarkPower<STS2_STARBORN_POWER_SECONDARY_MARK_POWER>.CustomBigIconPath: 'res://STS2_Starborn/images/powers/SecondaryMarkPower_None.png'. Falling back to the base asset.
[INFO] [com.ritsukage.sts2-RitsuLib] [Compat] External framework presence refreshed (deferred initialization completed).
[INFO] [com.ritsukage.sts2-RitsuLib] [Patcher - framework core] Applying 13 dynamic patch(es)...
[INFO] [com.ritsukage.sts2-RitsuLib] [Patcher - framework core] Dynamic patch application complete: 13/13 succeeded
[INFO] [com.ritsukage.sts2-RitsuLib] [MaxHandSize] RitsuLib hand-size patch set installed (0.105.1 profile).
[INFO] Unloading 7 missed cache assets
[INFO] Preloading 'Common' assets... count=687 vfx=86
[INFO] [Startup] Resource stats (main menu loaded (complete)): StaticMem=0B, VRAM=669.4MB, Objects=8,707, Resources=685, Nodes=1,612, CachedAssets=5
[WARN] Asset not cached: res://scenes/screens/compendium_submenu.tscn
[INFO] Preloading 'Common' Complete: assets=773 time_elapsed=3,730ms
[WARN] Asset not cached: res://scenes/ui/selection_reticle.tscn
[WARN] Asset not cached: res://scenes/screens/card_library/card_library_stats.tscn
[WARN] Asset not cached: res://images/packed/sprite_fonts/ironclad_energy_icon.png
[WARN] AtlasResourceLoader: Missing sprite 'starborn/sts2_starborn_card_switch_primary_mark_card' in card_atlas (requested: res://images/atlases/card_atlas.sprites/starborn/sts2_starborn_card_switch_primary_mark_card.tres)
[INFO] DevConsole: unlock all
[INFO] Wrote 62335 bytes to path=user://steam/76561198082402258/modded/profile2\saves\progress.save save_dir=user://steam/76561198082402258
[INFO] Wrote 62335 bytes to modded/profile2/saves/progress.save in steam remote store
[INFO] Wrote 44448 bytes to path=user://steam/76561198082402258/modded/profile2\saves\current_run.save save_dir=user://steam/76561198082402258
[INFO] Wrote 44448 bytes to modded/profile2/saves/current_run.save in steam remote store
[INFO] Continuing run with character: CHARACTER.IRONCLAD
[INFO] Preloading 'characters=IRONCLAD' assets... count=9 vfx=9
[INFO] Preloading 'characters=IRONCLAD' Complete: assets=18 time_elapsed=892ms
[INFO] Preloading 'Act=UNDERDOCKS' assets... count=8 vfx=0
[INFO] Preloading 'Act=UNDERDOCKS' Complete: assets=8 time_elapsed=34ms
[WARN] Asset not cached: res://themes/settings_screen_line_header.tres
[WARN] Asset not cached: res://images/ui/reward_screen/reward_skip_button.png
[INFO] Preloading 'Combat Room' assets... count=9 vfx=0
[INFO] Preloading 'Combat Room' Complete: assets=9 time_elapsed=52ms
[INFO] Creating NCombatRoom with mode=ActiveCombat encounter=CORPSE_SLUGS_WEAK.
[WARN] Asset not cached: res://materials/vfx/hsv.tres
[WARN] Asset not cached: res://images/powers/ravenous_power.png
[INFO] DevConsole: power STS2_STARBORN_POWER_PRIMARY_MARK_POWER 1 0
[WARN] Asset not cached: res://scenes/vfx/ui/vfx_buff_applied.tscn
[WARN] AtlasResourceLoader: Missing sprite 'sts2_starborn_power_primary_mark_power' in power_atlas (requested: res://images/atlases/power_atlas.sprites/sts2_starborn_power_primary_mark_power.tres)
[WARN] Asset not cached: res://images/powers/missing_power.png
[INFO] DevConsole: card STS2_STARBORN_CARD_SWITCH_PRIMARY_MARK_CARD
[WARN] AtlasResourceLoader: Missing sprite 'starborn/sts2_starborn_card_switch_primary_mark_card' in card_atlas (requested: res://images/atlases/card_atlas.sprites/starborn/sts2_starborn_card_switch_primary_mark_card.tres)
[INFO] Player 1 playing card STS2_STARBORN_CARD_SWITCH_PRIMARY_MARK_CARD (no target)
[WARN] [com.ritsukage.sts2-RitsuLib] [Assets] Missing resource path for PrimaryMarkPower<STS2_STARBORN_POWER_PRIMARY_MARK_POWER>.CustomBigIconPath: 'res://STS2_Starborn/images/powers/PrimaryMarkPower_Fire.png'. Falling back to the base asset.
[ERROR] System.TypeInitializationException: The type initializer for 'STS2_Starborn.Powers.FireElementPower' threw an exception.
 ---> MegaCrit.Sts2.Core.Models.Exceptions.DuplicateModelException: Trying to create a duplicate canonical model of type STS2_Starborn.Powers.FireElementPower. Don't call constructors on models! Use ModelDb instead.
   at MegaCrit.Sts2.Core.Models.AbstractModel..ctor()
   at MegaCrit.Sts2.Core.Models.PowerModel..ctor()
   at STS2RitsuLib.Scaffolding.Content.ModPowerTemplate..ctor()
   at STS2_Starborn.Powers.StarbornPower..ctor()
   at STS2_Starborn.Powers.ElementPower..ctor()
   at STS2_Starborn.Powers.FireElementPower..ctor()
   at STS2_Starborn.Powers.FireElementPower..cctor()
   --- End of inner exception stack trace ---
   at STS2_Starborn.Powers.ElementPower.For(SealAttribute attribute)
   at STS2_Starborn.Powers.SealMarkPower.get_CurrentElement()
   at STS2_Starborn.Powers.SealMarkPower.AfterTurnEnd(PlayerChoiceContext choiceContext, CombatSide side)
   at MegaCrit.Sts2.Core.Helpers.TaskHelper.WhenAny(Task[] tasks)
   at MegaCrit.Sts2.Core.GameActions.Multiplayer.HookPlayerChoiceContext.AssignTaskAndWaitForPauseOrCompletion(Task task)
   at MegaCrit.Sts2.Core.Hooks.Hook.AfterTurnEnd(ICombatState combatState, CombatSide side)
   at MegaCrit.Sts2.Core.Combat.CombatManager.EndPlayerTurnPhaseTwoInternal()
   at MegaCrit.Sts2.Core.Combat.CombatManager.AfterAllPlayersReadyToBeginEnemyTurn(Func`1 actionDuringEnemyTurn)
   at MegaCrit.Sts2.Core.Helpers.TaskHelper.LogTaskExceptions(Task task)
   at MegaCrit.Sts2.Core.Helpers.TaskHelper.LogTaskExceptions(Task task)
   at System.Threading.ExecutionContext.RunInternal(ExecutionContext executionContext, ContextCallback callback, Object state)
   at System.Runtime.CompilerServices.AsyncTaskMethodBuilder`1.AsyncStateMachineBox`1.MoveNext(Thread threadPoolThread)
   at System.Threading.Tasks.AwaitTaskContinuation.RunCallback(ContextCallback callback, Object state, Task& currentTask)
   at System.Threading.Tasks.Task.RunContinuations(Object continuationObject)
   at System.Threading.Tasks.Task.FinishSlow(Boolean userDelegateExecute)
   at System.Threading.Tasks.Task.TrySetException(Object exceptionObject)
   at System.Runtime.CompilerServices.AsyncTaskMethodBuilder`1.SetException(Exception exception, Task`1& taskField)
   at MegaCrit.Sts2.Core.Combat.CombatManager.AfterAllPlayersReadyToBeginEnemyTurn(Func`1 actionDuringEnemyTurn)
   at System.Runtime.CompilerServices.AsyncTaskMethodBuilder`1.AsyncStateMachineBox`1.ExecutionContextCallback(Object s)
   at System.Threading.ExecutionContext.RunInternal(ExecutionContext executionContext, ContextCallback callback, Object state)
   at System.Runtime.CompilerServices.AsyncTaskMethodBuilder`1.AsyncStateMachineBox`1.MoveNext(Thread threadPoolThread)
   at System.Runtime.CompilerServices.AsyncTaskMethodBuilder`1.AsyncStateMachineBox`1.MoveNext()
   at System.Threading.Tasks.AwaitTaskContinuation.RunCallback(ContextCallback callback, Object state, Task& currentTask)
   at System.Threading.Tasks.Task.RunContinuations(Object continuationObject)
   at System.Threading.Tasks.Task.FinishSlow(Boolean userDelegateExecute)
   at System.Threading.Tasks.Task.TrySetException(Object exceptionObject)
   at System.Runtime.CompilerServices.AsyncTaskMethodBuilder`1.SetException(Exception exception, Task`1& taskField)
   at MegaCrit.Sts2.Core.Combat.CombatManager.EndPlayerTurnPhaseTwoInternal()
   at System.Runtime.CompilerServices.AsyncTaskMethodBuilder`1.AsyncStateMachineBox`1.ExecutionContextCallback(Object s)
   at System.Threading.ExecutionContext.RunInternal(ExecutionContext executionContext, ContextCallback callback, Object state)
   at System.Runtime.CompilerServices.AsyncTaskMethodBuilder`1.AsyncStateMachineBox`1.MoveNext(Thread threadPoolThread)
   at System.Runtime.CompilerServices.AsyncTaskMethodBuilder`1.AsyncStateMachineBox`1.MoveNext()
   at System.Threading.Tasks.AwaitTaskContinuation.RunCallback(ContextCallback callback, Object state, Task& currentTask)
   at System.Threading.Tasks.Task.RunContinuations(Object continuationObject)
   at System.Threading.Tasks.Task`1.TrySetResult(TResult result)
   at System.Runtime.CompilerServices.AsyncTaskMethodBuilder`1.SetExistingTaskResult(Task`1 task, TResult result)
   at System.Runtime.CompilerServices.AsyncTaskMethodBuilder`1.SetResult(TResult result)
   at MegaCrit.Sts2.Core.GameActions.Multiplayer.HookPlayerChoiceContext.AssignTaskAndWaitForPauseOrCompletion(Task task)
   at System.Runtime.CompilerServices.AsyncTaskMethodBuilder`1.AsyncStateMachineBox`1.ExecutionContextCallback(Object s)
   at System.Threading.ExecutionContext.RunInternal(ExecutionContext executionContext, ContextCallback callback, Object state)
   at System.Runtime.CompilerServices.AsyncTaskMethodBuilder`1.AsyncStateMachineBox`1.MoveNext(Thread threadPoolThread)
   at System.Runtime.CompilerServices.AsyncTaskMethodBuilder`1.AsyncStateMachineBox`1.MoveNext()
   at System.Threading.Tasks.AwaitTaskContinuation.RunCallback(ContextCallback callback, Object state, Task& currentTask)
   at System.Threading.Tasks.Task.RunContinuations(Object continuationObject)
   at System.Runtime.CompilerServices.AsyncTaskMethodBuilder.SetResult()
   at MegaCrit.Sts2.Core.Helpers.TaskHelper.WhenAny(Task[] tasks)
   at System.Runtime.CompilerServices.AsyncTaskMethodBuilder`1.AsyncStateMachineBox`1.ExecutionContextCallback(Object s)
   at System.Threading.ExecutionContext.RunInternal(ExecutionContext executionContext, ContextCallback callback, Object state)
   at System.Runtime.CompilerServices.AsyncTaskMethodBuilder`1.AsyncStateMachineBox`1.MoveNext(Thread threadPoolThread)
   at System.Runtime.CompilerServices.AsyncTaskMethodBuilder`1.AsyncStateMachineBox`1.MoveNext()
   at System.Threading.Tasks.AwaitTaskContinuation.RunCallback(ContextCallback callback, Object state, Task& currentTask)
   at System.Threading.Tasks.Task.RunContinuations(Object continuationObject)
   at System.Threading.Tasks.Task`1.TrySetResult(TResult result)
   at System.Threading.Tasks.Task.TwoTaskWhenAnyPromise`1.Invoke(Task completingTask)
   at System.Threading.Tasks.Task.RunContinuations(Object continuationObject)
   at System.Runtime.CompilerServices.AsyncTaskMethodBuilder.SetResult()
   at MegaCrit.Sts2.Core.Combat.CombatManager.FlushPlayerHand(Player player, HookPlayerChoiceContext playerChoiceContext)
   at System.Runtime.CompilerServices.AsyncTaskMethodBuilder`1.AsyncStateMachineBox`1.ExecutionContextCallback(Object s)
   at System.Threading.ExecutionContext.RunInternal(ExecutionContext executionContext, ContextCallback callback, Object state)
   at System.Runtime.CompilerServices.AsyncTaskMethodBuilder`1.AsyncStateMachineBox`1.MoveNext(Thread threadPoolThread)
   at System.Runtime.CompilerServices.AsyncTaskMethodBuilder`1.AsyncStateMachineBox`1.MoveNext()
   at System.Threading.Tasks.AwaitTaskContinuation.RunCallback(ContextCallback callback, Object state, Task& currentTask)
   at System.Threading.Tasks.Task.RunContinuations(Object continuationObject)
   at System.Threading.Tasks.Task`1.TrySetResult(TResult result)
   at System.Runtime.CompilerServices.AsyncTaskMethodBuilder`1.SetExistingTaskResult(Task`1 task, TResult result)
   at MegaCrit.Sts2.Core.Commands.CardPileCmd.Add(IEnumerable`1 cards, PileType newPileType, CardPilePosition position, AbstractModel source, Boolean skipVisuals)
   at System.Runtime.CompilerServices.AsyncTaskMethodBuilder`1.AsyncStateMachineBox`1.ExecutionContextCallback(Object s)
   at System.Threading.ExecutionContext.RunInternal(ExecutionContext executionContext, ContextCallback callback, Object state)
   at System.Runtime.CompilerServices.AsyncTaskMethodBuilder`1.AsyncStateMachineBox`1.MoveNext(Thread threadPoolThread)
   at System.Runtime.CompilerServices.AsyncTaskMethodBuilder`1.AsyncStateMachineBox`1.MoveNext()
   at System.Threading.Tasks.AwaitTaskContinuation.RunCallback(ContextCallback callback, Object state, Task& currentTask)
   at System.Threading.Tasks.Task.RunContinuations(Object continuationObject)
   at System.Threading.Tasks.Task`1.TrySetResult(TResult result)
   at System.Runtime.CompilerServices.AsyncTaskMethodBuilder`1.SetExistingTaskResult(Task`1 task, TResult result)
   at MegaCrit.Sts2.Core.Commands.CardPileCmd+<Add>d__9.MoveNext_Patch1(<Add>d__9& this)
   at System.Runtime.CompilerServices.AsyncTaskMethodBuilder`1.AsyncStateMachineBox`1.ExecutionContextCallback(Object s)
   at System.Threading.ExecutionContext.RunInternal(ExecutionContext executionContext, ContextCallback callback, Object state)
   at System.Runtime.CompilerServices.AsyncTaskMethodBuilder`1.AsyncStateMachineBox`1.MoveNext(Thread threadPoolThread)
   at System.Runtime.CompilerServices.AsyncTaskMethodBuilder`1.AsyncStateMachineBox`1.MoveNext()
   at System.Threading.Tasks.AwaitTaskContinuation.RunCallback(ContextCallback callback, Object state, Task& currentTask)
   at System.Threading.Tasks.Task.RunContinuations(Object continuationObject)
   at System.Threading.Tasks.Task`1.TrySetResult(TResult result)
   at System.Runtime.CompilerServices.AsyncTaskMethodBuilder`1.SetExistingTaskResult(Task`1 task, TResult result)
   at System.Runtime.CompilerServices.AsyncTaskMethodBuilder`1.SetResult(TResult result)
   at MegaCrit.Sts2.Core.Nodes.GodotExtensions.TweenHelper.AwaitFinished(Tween tween, Node owner)
   at System.Runtime.CompilerServices.AsyncTaskMethodBuilder`1.AsyncStateMachineBox`1.ExecutionContextCallback(Object s)
   at System.Threading.ExecutionContext.RunInternal(ExecutionContext executionContext, ContextCallback callback, Object state)
   at System.Runtime.CompilerServices.AsyncTaskMethodBuilder`1.AsyncStateMachineBox`1.MoveNext(Thread threadPoolThread)
   at System.Runtime.CompilerServices.AsyncTaskMethodBuilder`1.AsyncStateMachineBox`1.MoveNext()
   at Godot.GodotSynchronizationContext.ExecutePendingContinuations()
   at Godot.Bridge.ScriptManagerBridge.FrameCallback()

[INFO] NGame.Quit called
[INFO] Wrote 2539 bytes to path=user://steam/76561198082402258/settings.save save_dir=user://steam/76561198082402258
[INFO] Wrote 2539 bytes to settings.save in steam remote store
[INFO] Wrote 296 bytes to path=user://steam/76561198082402258/modded/profile2\saves\prefs.save save_dir=user://steam/76561198082402258
[INFO] Wrote 296 bytes to modded/profile2/saves/prefs.save in steam remote store
[INFO] Wrote 62335 bytes to path=user://steam/76561198082402258/modded/profile2\saves\progress.save save_dir=user://steam/76561198082402258
[INFO] Wrote 62335 bytes to modded/profile2/saves/progress.save in steam remote store
[INFO] Wrote 52 bytes to path=user://steam/76561198082402258/profile.save save_dir=user://steam/76561198082402258
[INFO] Wrote 52 bytes to profile.save in steam remote store
[INFO] Steamworks: shutting down...
[INFO] Steamworks shutdown succeeded!
FMOD Sound System: System released
WARNING: 1162 RIDs of type "CanvasItem" were leaked.
   at: _free_rids (servers/rendering/renderer_canvas_cull.cpp:2678)
ERROR: 1 RID allocations of type 'N26RendererEnvironmentStorage11EnvironmentE' were leaked at exit.
ERROR: 6 shaders of type CanvasShaderRD were never freed
   at: ~ShaderRD (servers/rendering/renderer_rd/shader_rd.cpp:1044)
ERROR: 30 RID allocations of type 'N10RendererRD16ParticlesStorage9ParticlesE' were leaked at exit.
ERROR: 1 shaders of type ParticlesShaderRD were never freed
   at: ~ShaderRD (servers/rendering/renderer_rd/shader_rd.cpp:1044)
ERROR: 30 RID allocations of type 'N10RendererRD11MeshStorage4MeshE' were leaked at exit.
ERROR: 44 RID allocations of type 'N10RendererRD15MaterialStorage8MaterialE' were leaked at exit.
ERROR: 7 RID allocations of type 'N10RendererRD15MaterialStorage6ShaderE' were leaked at exit.
ERROR: 243 RID allocations of type 'N10RendererRD14TextureStorage7TextureE' were leaked at exit.
WARNING: 81 RIDs of type "UniformBuffer" were leaked.
   at: _free_rids (servers/rendering/rendering_device.cpp:6981)
WARNING: 482 RIDs of type "Texture" were leaked.
   at: finalize (servers/rendering/rendering_device.cpp:7191)
ERROR: 502 RID allocations of type 'PN18TextServerAdvanced22ShapedTextDataAdvancedE' were leaked at exit.
ERROR: 8 RID allocations of type 'PN18TextServerAdvanced12FontAdvancedE' were leaked at exit.
ERROR: 5 RID allocations of type 'PN18TextServerAdvanced27FontAdvancedLinkedVariationE' were leaked at exit.
WARNING: ObjectDB instances leaked at exit (run with --verbose for details).
   at: cleanup (core/object/object.cpp:2514)
ERROR: 273 resources still in use at exit (run with --verbose for details).
   at: clear (core/io/resource.cpp:795)
